ACTIVANDO SESION 1442156884
Iniciando registro de animaciones...
Registrando animaciones 0 -> data/hojas/juego_hoja.dat -> data/hojas/juego_anim.dat
Iniciando inserción de animaciones de data/hojas/juego_anim.dat
Insertada animacion 1 con 1 frames y 0.1ms.
Insertada animacion 2 con 1 frames y 0.1ms.
Insertada animacion 3 con 1 frames y 0.1ms.
Insertada animacion 4 con 1 frames y 0.1ms.
Insertada animacion 5 con 1 frames y 0.1ms.
Insertada animacion 6 con 1 frames y 0.1ms.
Insertada animacion 7 con 1 frames y 0.1ms.
Insertada animacion 8 con 1 frames y 0.1ms.
Registrando animaciones 1 -> data/hojas/particulas_hoja.dat -> data/hojas/particulas_anim.dat
Iniciando inserción de animaciones de data/hojas/particulas_anim.dat
Insertada animacion 1 con 4 frames y 0.4ms.
Insertada animacion 2 con 4 frames y 0.4ms.
Insertada animacion 3 con 32 frames y 3.2ms.
Procesando data/salas/1/1_001.dat
Procesando data/salas/1/1_002.dat
Procesando data/salas/2/2_001.dat
Procesando data/salas/2/2_002.dat
Procesando data/salas/3/3_001.dat
Procesando data/salas/3/3_002.dat
Procesando data/salas/4/4_001.dat
Procesando data/salas/4/4_002.dat
Procesando data/salas/5/5_001.dat
Procesando data/salas/5/5_002.dat
Procesando data/salas/6/6_001.dat
Procesando data/salas/6/6_002.dat
Procesando data/salas/7/7_001.dat
Procesando data/salas/7/7_002.dat
Procesando data/salas/8/8_001.dat
Procesando data/salas/8/8_002.dat
Procesando data/salas/9/9_001.dat
Procesando data/salas/9/9_002.dat
Procesando data/salas/10/10_001.dat
Procesando data/salas/10/10_002.dat
Procesando data/salas/10/10_003.dat
Procesando data/salas/11/11_001.dat
Procesando data/salas/11/11_002.dat
Procesando data/salas/12/12_001.dat
Procesando data/salas/12/12_002.dat
Procesando data/salas/13/13_001.dat
Procesando data/salas/13/13_002.dat
Procesando data/salas/14/14_001.dat
Procesando data/salas/14/14_002.dat
Procesando data/salas/15/15_001.dat
Procesando data/salas/15/15_002.dat
Iniciando construccion principal de 10 salas
Iniciando conexión y tipado de salas principales
Iniciando construccion de 10 salas secundarias
Creando mapa de 9x7
Iniciando parseo de salas
Inicializando automapa para 9 x 7

FINALIZANDO SESION 1442156896